<?xml version="1.0" encoding="UTF-8"?>
<!-- Generated by org.testng.reporters.JUnitReportReporter -->
<testsuite hostname="pardeepkaur-Inspiron-5558" failures="0" tests="1" name="TestScripts.AppTest" time="0.032" errors="0" timestamp="28 Jun 2020 06:08:36 GMT">
  <testcase classname="TestScripts.AppTest" name="shouldAnswerWithTrue" time="0.032"/>
</testsuite> <!-- TestScripts.AppTest -->
