<?xml version="1.0" encoding="UTF-8"?>
<!-- Generated by org.testng.reporters.JUnitReportReporter -->
<testsuite hostname="pardeepkaur-Inspiron-5558" failures="0" tests="20" name="TestScripts.NdtvTest" time="72.472" errors="1" timestamp="1 Jul 2020 02:37:15 GMT">
  <testcase classname="TestScripts.NdtvTest" name="statusCodeVerification" time="0.002"/>
  <testcase classname="TestScripts.NdtvTest" name="testUI" time="10.955"/>
  <testcase classname="TestScripts.NdtvTest" name="getApiResponse" time="0.143"/>
  <testcase classname="TestScripts.NdtvTest" name="contentTypeVerification" time="0.002"/>
  <testcase classname="TestScripts.NdtvTest" name="contentTypeVerification" time="0.003"/>
  <testcase classname="TestScripts.NdtvTest" name="getValidations" time="0.165"/>
  <testcase classname="TestScripts.NdtvTest" name="statusCodeVerification" time="0.001"/>
  <testcase classname="TestScripts.NdtvTest" name="statusCodeVerification" time="0.002"/>
  <testcase classname="TestScripts.NdtvTest" name="contentTypeVerification" time="0.001"/>
  <testcase classname="TestScripts.NdtvTest" name="getApiResponse" time="0.105"/>
  <testcase classname="TestScripts.NdtvTest" name="getValidations" time="0.116">
    <error message="The following asserts failed:
windSpeed Mismatch" type="java.lang.AssertionError">
      <![CDATA[java.lang.AssertionError: The following asserts failed:
windSpeed Mismatch
	at org.testng.asserts.SoftAssert.assertAll(SoftAssert.java:37)
	at ReusableUtilities.DataManipulationMethods.comparator(DataManipulationMethods.java:118)
	at TestScripts.NdtvTest.getValidations(NdtvTest.java:108)
	at java.base/jdk.internal.reflect.NativeMethodAccessorImpl.invoke0(Native Method)
	at java.base/jdk.internal.reflect.NativeMethodAccessorImpl.invoke(NativeMethodAccessorImpl.java:62)
	at java.base/jdk.internal.reflect.DelegatingMethodAccessorImpl.invoke(DelegatingMethodAccessorImpl.java:43)
	at java.base/java.lang.reflect.Method.invoke(Method.java:566)
	at org.testng.internal.MethodInvocationHelper.invokeMethod(MethodInvocationHelper.java:80)
	at org.testng.internal.Invoker.invokeMethod(Invoker.java:714)
	at org.testng.internal.Invoker.invokeTestMethod(Invoker.java:901)
	at org.testng.internal.Invoker.invokeTestMethods(Invoker.java:1231)
	at org.testng.internal.TestMethodWorker.invokeTestMethods(TestMethodWorker.java:127)
	at org.testng.internal.TestMethodWorker.run(TestMethodWorker.java:111)
	at org.testng.TestRunner.privateRun(TestRunner.java:767)
	at org.testng.TestRunner.run(TestRunner.java:617)
	at org.testng.SuiteRunner.runTest(SuiteRunner.java:334)
	at org.testng.SuiteRunner.runSequentially(SuiteRunner.java:329)
	at org.testng.SuiteRunner.privateRun(SuiteRunner.java:291)
	at org.testng.SuiteRunner.run(SuiteRunner.java:240)
	at org.testng.SuiteRunnerWorker.runSuite(SuiteRunnerWorker.java:52)
	at org.testng.SuiteRunnerWorker.run(SuiteRunnerWorker.java:86)
	at org.testng.TestNG.runSuitesSequentially(TestNG.java:1198)
	at org.testng.TestNG.runSuitesLocally(TestNG.java:1123)
	at org.testng.TestNG.run(TestNG.java:1031)
	at org.testng.remote.AbstractRemoteTestNG.run(AbstractRemoteTestNG.java:115)
	at org.testng.remote.RemoteTestNG.initAndRun(RemoteTestNG.java:251)
	at org.testng.remote.RemoteTestNG.main(RemoteTestNG.java:77)
]]>
    </error>
  </testcase> <!-- getValidations -->
  <testcase classname="TestScripts.NdtvTest" name="contentTypeVerification" time="0.001"/>
  <testcase classname="TestScripts.NdtvTest" name="getValidations" time="0.135"/>
  <testcase classname="TestScripts.NdtvTest" name="getApiResponse" time="0.117"/>
  <testcase classname="TestScripts.NdtvTest" name="testUI" time="9.884"/>
  <testcase classname="TestScripts.NdtvTest" name="statusCodeVerification" time="0.001"/>
  <testcase classname="TestScripts.NdtvTest" name="getValidations" time="0.878"/>
  <testcase classname="TestScripts.NdtvTest" name="testUI" time="37.562"/>
  <testcase classname="TestScripts.NdtvTest" name="testUI" time="10.979"/>
  <testcase classname="TestScripts.NdtvTest" name="getApiResponse" time="1.420"/>
</testsuite> <!-- TestScripts.NdtvTest -->
