<?xml version="1.0" encoding="UTF-8"?>
<!-- Generated by org.testng.reporters.JUnitReportReporter -->
<testsuite hostname="pardeepkaur-Inspiron-5558" failures="0" tests="5" name="TestScripts.NdtvTest" time="19.237" errors="0" timestamp="30 Jun 2020 03:20:30 GMT">
  <testcase classname="TestScripts.NdtvTest" name="testUI" time="15.882"/>
  <testcase classname="TestScripts.NdtvTest" name="getApiResponse" time="2.256"/>
  <testcase classname="TestScripts.NdtvTest" name="contentTypeVerification" time="0.003"/>
  <testcase classname="TestScripts.NdtvTest" name="getValidations" time="1.094"/>
  <testcase classname="TestScripts.NdtvTest" name="statusCodeVerification" time="0.002"/>
</testsuite> <!-- TestScripts.NdtvTest -->
