<?xml version="1.0" encoding="UTF-8"?>
<!-- Generated by org.testng.reporters.JUnitReportReporter -->
<testsuite hostname="pardeepkaur-Inspiron-5558" failures="0" tests="20" name="TestScripts.NdtvTest" time="38.208" errors="0" timestamp="30 Jun 2020 17:51:44 GMT">
  <testcase classname="TestScripts.NdtvTest" name="statusCodeVerification" time="0.001"/>
  <testcase classname="TestScripts.NdtvTest" name="testUI" time="8.079"/>
  <testcase classname="TestScripts.NdtvTest" name="getApiResponse" time="0.086"/>
  <testcase classname="TestScripts.NdtvTest" name="getValidations" time="0.134"/>
  <testcase classname="TestScripts.NdtvTest" name="contentTypeVerification" time="0.002"/>
  <testcase classname="TestScripts.NdtvTest" name="contentTypeVerification" time="0.003"/>
  <testcase classname="TestScripts.NdtvTest" name="getValidations" time="0.137"/>
  <testcase classname="TestScripts.NdtvTest" name="statusCodeVerification" time="0.002"/>
  <testcase classname="TestScripts.NdtvTest" name="statusCodeVerification" time="0.001"/>
  <testcase classname="TestScripts.NdtvTest" name="contentTypeVerification" time="0.001"/>
  <testcase classname="TestScripts.NdtvTest" name="getApiResponse" time="0.080"/>
  <testcase classname="TestScripts.NdtvTest" name="contentTypeVerification" time="0.002"/>
  <testcase classname="TestScripts.NdtvTest" name="getValidations" time="0.120"/>
  <testcase classname="TestScripts.NdtvTest" name="getApiResponse" time="0.182"/>
  <testcase classname="TestScripts.NdtvTest" name="testUI" time="7.818"/>
  <testcase classname="TestScripts.NdtvTest" name="statusCodeVerification" time="0.001"/>
  <testcase classname="TestScripts.NdtvTest" name="getValidations" time="0.910"/>
  <testcase classname="TestScripts.NdtvTest" name="testUI" time="7.168"/>
  <testcase classname="TestScripts.NdtvTest" name="testUI" time="9.768"/>
  <testcase classname="TestScripts.NdtvTest" name="getApiResponse" time="3.713"/>
</testsuite> <!-- TestScripts.NdtvTest -->
