<?xml version="1.0" encoding="UTF-8"?>
<!-- Generated by org.testng.reporters.JUnitReportReporter -->
<testsuite hostname="pardeepkaur-Inspiron-5558" failures="0" tests="1" name="TestScripts.WeatherDetailsAPI" time="1.683" errors="0" timestamp="26 Jun 2020 23:12:42 GMT">
  <testcase classname="TestScripts.WeatherDetailsAPI" name="contentVerification" time="1.683"/>
</testsuite> <!-- TestScripts.WeatherDetailsAPI -->
