<?xml version="1.0" encoding="UTF-8"?>
<!-- Generated by org.testng.reporters.JUnitReportReporter -->
<testsuite hostname="pardeepkaur-Inspiron-5558" failures="0" tests="5" name="TestScripts.NdtvTest" time="40.401" errors="0" timestamp="29 Jun 2020 01:33:22 GMT">
  <testcase classname="TestScripts.NdtvTest" name="getApiResponse" time="2.887"/>
  <testcase classname="TestScripts.NdtvTest" name="statusCodeVerification" time="0.005"/>
  <testcase classname="TestScripts.NdtvTest" name="testUI" time="35.437"/>
  <testcase classname="TestScripts.NdtvTest" name="getValidations" time="2.067"/>
  <testcase classname="TestScripts.NdtvTest" name="contentTypeVerification" time="0.005"/>
</testsuite> <!-- TestScripts.NdtvTest -->
