<?xml version="1.0" encoding="UTF-8"?>
<!-- Generated by org.testng.reporters.JUnitReportReporter -->
<testsuite hostname="pardeepkaur-Inspiron-5558" failures="0" tests="5" name="TestScripts.NdtvTest" time="13.780" errors="0" timestamp="29 Jun 2020 18:55:11 GMT">
  <testcase classname="TestScripts.NdtvTest" name="statusCodeVerification" time="0.001"/>
  <testcase classname="TestScripts.NdtvTest" name="getApiResponse" time="2.201"/>
  <testcase classname="TestScripts.NdtvTest" name="contentTypeVerification" time="0.002"/>
  <testcase classname="TestScripts.NdtvTest" name="getValidations" time="1.108"/>
  <testcase classname="TestScripts.NdtvTest" name="testUI" time="10.468"/>
</testsuite> <!-- TestScripts.NdtvTest -->
